splunk-o11y-sas: 2023/09/03 21:40:23 Running...
splunk-o11y-sas: 2023/09/03 21:43:08 Running...
splunk-o11y-sas: 2023/09/03 21:43:08 Gathering incident data for prod_sfx
splunk-o11y-sas: 2023/09/03 21:43:08 Gathering incident data for stage_sfx
splunk-o11y-sas: 2023/09/05 10:40:12 Running...
splunk-o11y-sas: 2023/09/05 10:40:12 Gathering incident data for prod_sfx
splunk-o11y-sas: 2023/09/05 10:40:12 Gathering incident data for stage_sfx
splunk-o11y-sas: 2023/09/05 10:40:37 No events found for label stage_sfx , sending metric and waiting for next loop...
splunk-o11y-sas: 2023/09/05 10:41:02 No events found for label stage_sfx , sending metric and waiting for next loop...
splunk-o11y-sas: 2023/09/05 10:41:12 No events found for label prod_sfx , sending metric and waiting for next loop...
splunk-o11y-sas: 2023/09/05 10:41:27 No events found for label stage_sfx , sending metric and waiting for next loop...
splunk-o11y-sas: 2023/09/05 10:41:52 No events found for label stage_sfx , sending metric and waiting for next loop...
splunk-o11y-sas: 2023/09/05 10:42:12 No events found for label prod_sfx , sending metric and waiting for next loop...
splunk-o11y-sas: 2023/09/05 10:42:17 No events found for label stage_sfx , sending metric and waiting for next loop...
splunk-o11y-sas: 2023/09/05 10:42:42 No events found for label stage_sfx , sending metric and waiting for next loop...
splunk-o11y-sas: 2023/09/05 10:43:07 No events found for label stage_sfx , sending metric and waiting for next loop...
splunk-o11y-sas: 2023/09/05 10:43:12 No events found for label prod_sfx , sending metric and waiting for next loop...
splunk-o11y-sas: 2023/09/05 10:52:34 Running...
splunk-o11y-sas: 2023/09/05 10:52:34 Gathering incident data for prod_sfx
splunk-o11y-sas: 2023/09/05 10:52:34 Gathering incident data for stage_sfx
splunk-o11y-sas: 2023/09/07 15:33:00 Running...
splunk-o11y-sas: 2023/09/07 15:33:00 Gathering incident data for prod_sfx
splunk-o11y-sas: 2023/09/07 15:33:00 Gathering incident data for stage_sfx
splunk-o11y-sas: 2023/09/07 15:33:25 No events found for label stage_sfx , sending metric and waiting for next loop...
splunk-o11y-sas: 2023/09/07 15:33:50 No events found for label stage_sfx , sending metric and waiting for next loop...
splunk-o11y-sas: 2023/09/07 15:34:00 No events found for label prod_sfx , sending metric and waiting for next loop...
splunk-o11y-sas: 2023/09/07 15:36:30 Running...
splunk-o11y-sas: 2023/09/07 15:36:30 Gathering incident data for prod_sfx
splunk-o11y-sas: 2023/09/07 15:36:30 Gathering incident data for stage_sfx
splunk-o11y-sas: 2023/09/07 16:02:24 Running...
splunk-o11y-sas: 2023/09/07 16:02:24 Gathering incident data for prod_sfx
splunk-o11y-sas: 2023/09/07 16:02:24 Gathering incident data for stage_sfx
